<?xml version="1.0" encoding="UTF-8"?>
<!-- Generated by org.testng.reporters.JUnitXMLReporter -->
<testsuite ignored="0" hostname="DESKTOP-15SGT2T" failures="2" tests="2" name="Test" time="0.127" errors="0" timestamp="2023-07-21T22:10:49 PDT">
  <testcase classname="TestNG.Example7_AssertClass2_assertNotEquals" name="TC2" time="0.039">
    <failure type="java.lang.AssertionError" message="Failed: both results are same:   did not expect [hi] but found [hi]">
      <![CDATA[java.lang.AssertionError: Failed: both results are same:   did not expect [hi] but found [hi]
at TestNG.Example7_AssertClass2_assertNotEquals.TC2(Example7_AssertClass2_assertNotEquals.java:14)
at java.base/java.util.ArrayList.forEach(ArrayList.java:1511)
... Removed 29 stack frames]]>
    </failure>
  </testcase> <!-- TC2 -->
  <testcase classname="TestNG.Example7_AssertClass1_assertEquals" name="TC1" time="0.003">
    <failure type="java.lang.AssertionError" message="Failed: both results are diff-  expected [hi] but found [hello]">
      <![CDATA[java.lang.AssertionError: Failed: both results are diff-  expected [hi] but found [hello]
at TestNG.Example7_AssertClass1_assertEquals.TC1(Example7_AssertClass1_assertEquals.java:14)
at java.base/java.util.ArrayList.forEach(ArrayList.java:1511)
... Removed 30 stack frames]]>
    </failure>
  </testcase> <!-- TC1 -->
</testsuite> <!-- Test -->
