<?xml version="1.0" encoding="UTF-8"?>
<testng-results ignored="0" total="1" passed="1" failed="0" skipped="0">
  <reporter-output>
  </reporter-output>
  <suite started-at="2023-06-22T08:43:55 IST" name="Default suite" finished-at="2023-06-22T08:44:23 IST" duration-ms="27554">
    <groups>
    </groups>
    <test started-at="2023-06-22T08:43:55 IST" name="Default test" finished-at="2023-06-22T08:44:23 IST" duration-ms="27554">
      <class name="POM_DDF_TestNG_BaseClass_UtilityClass_PropertyFile_FailedTCSS.PBLoginTest1">
        <test-method is-config="true" signature="openBrowser()[pri:0, instance:POM_DDF_TestNG_BaseClass_UtilityClass_PropertyFile_FailedTCSS.PBLoginTest1@2f217633]" started-at="2023-06-22T08:43:55 IST" name="openBrowser" finished-at="2023-06-22T08:44:05 IST" duration-ms="9705" status="PASS">
          <reporter-output>
          </reporter-output>
        </test-method> <!-- openBrowser -->
        <test-method is-config="true" signature="loginToApp()[pri:0, instance:POM_DDF_TestNG_BaseClass_UtilityClass_PropertyFile_FailedTCSS.PBLoginTest1@2f217633]" started-at="2023-06-22T08:44:05 IST" name="loginToApp" finished-at="2023-06-22T08:44:13 IST" duration-ms="7755" status="PASS">
          <reporter-output>
          </reporter-output>
        </test-method> <!-- loginToApp -->
        <test-method signature="verifyFullName()[pri:0, instance:POM_DDF_TestNG_BaseClass_UtilityClass_PropertyFile_FailedTCSS.PBLoginTest1@2f217633]" started-at="2023-06-22T08:44:13 IST" name="verifyFullName" finished-at="2023-06-22T08:44:22 IST" duration-ms="9414" status="PASS">
          <reporter-output>
          </reporter-output>
        </test-method> <!-- verifyFullName -->
        <test-method is-config="true" signature="name(org.testng.ITestResult)[pri:0, instance:POM_DDF_TestNG_BaseClass_UtilityClass_PropertyFile_FailedTCSS.PBLoginTest1@2f217633]" started-at="2023-06-22T08:44:22 IST" name="name" finished-at="2023-06-22T08:44:22 IST" duration-ms="2" status="PASS">
          <params>
            <param index="0">
              <value>
                <![CDATA[[TestResult name=verifyFullName status=SUCCESS method=PBLoginTest1.verifyFullName()[pri:0, instance:POM_DDF_TestNG_BaseClass_UtilityClass_PropertyFile_FailedTCSS.PBLoginTest1@2f217633] output={null}]]]>
              </value>
            </param>
          </params>
          <reporter-output>
          </reporter-output>
        </test-method> <!-- name -->
        <test-method is-config="true" signature="closeBrowser()[pri:0, instance:POM_DDF_TestNG_BaseClass_UtilityClass_PropertyFile_FailedTCSS.PBLoginTest1@2f217633]" started-at="2023-06-22T08:44:22 IST" name="closeBrowser" finished-at="2023-06-22T08:44:23 IST" duration-ms="649" status="PASS">
          <reporter-output>
          </reporter-output>
        </test-method> <!-- closeBrowser -->
      </class> <!-- POM_DDF_TestNG_BaseClass_UtilityClass_PropertyFile_FailedTCSS.PBLoginTest1 -->
    </test> <!-- Default test -->
  </suite> <!-- Default suite -->
</testng-results>
