<?xml version="1.0" encoding="UTF-8"?>
<testng-results ignored="0" total="1" passed="1" failed="0" skipped="0">
  <reporter-output>
  </reporter-output>
  <suite started-at="2023-06-21T08:40:58 IST" name="Default suite" finished-at="2023-06-21T08:41:52 IST" duration-ms="53679">
    <groups>
    </groups>
    <test started-at="2023-06-21T08:40:58 IST" name="Default test" finished-at="2023-06-21T08:41:52 IST" duration-ms="53679">
      <class name="POM_DDF_TestNG.PBLoginTest1">
        <test-method is-config="true" signature="openBrowser()[pri:0, instance:POM_DDF_TestNG.PBLoginTest1@611889f4]" started-at="2023-06-21T08:40:58 IST" name="openBrowser" finished-at="2023-06-21T08:41:10 IST" duration-ms="11680" status="PASS">
          <reporter-output>
          </reporter-output>
        </test-method> <!-- openBrowser -->
        <test-method is-config="true" signature="loginToApp()[pri:0, instance:POM_DDF_TestNG.PBLoginTest1@611889f4]" started-at="2023-06-21T08:41:10 IST" name="loginToApp" finished-at="2023-06-21T08:41:31 IST" duration-ms="20740" status="PASS">
          <reporter-output>
          </reporter-output>
        </test-method> <!-- loginToApp -->
        <test-method signature="verifyFullName()[pri:0, instance:POM_DDF_TestNG.PBLoginTest1@611889f4]" started-at="2023-06-21T08:41:31 IST" name="verifyFullName" finished-at="2023-06-21T08:41:51 IST" duration-ms="20572" status="PASS">
          <reporter-output>
          </reporter-output>
        </test-method> <!-- verifyFullName -->
        <test-method is-config="true" signature="name()[pri:0, instance:POM_DDF_TestNG.PBLoginTest1@611889f4]" started-at="2023-06-21T08:41:51 IST" name="name" finished-at="2023-06-21T08:41:51 IST" duration-ms="1" status="PASS">
          <reporter-output>
          </reporter-output>
        </test-method> <!-- name -->
        <test-method is-config="true" signature="closeBrowser()[pri:0, instance:POM_DDF_TestNG.PBLoginTest1@611889f4]" started-at="2023-06-21T08:41:51 IST" name="closeBrowser" finished-at="2023-06-21T08:41:52 IST" duration-ms="663" status="PASS">
          <reporter-output>
          </reporter-output>
        </test-method> <!-- closeBrowser -->
      </class> <!-- POM_DDF_TestNG.PBLoginTest1 -->
    </test> <!-- Default test -->
  </suite> <!-- Default suite -->
</testng-results>
